2018-04-16T13:53:12+00:00 CRITICAL Maximum execution time of 30 seconds exceeded

2018-04-18T15:55:01+00:00 CRITICAL Maximum execution time of 30 seconds exceeded

2018-04-23T07:10:31+00:00 CRITICAL Maximum execution time of 30 seconds exceeded

2018-04-23T07:56:52+00:00 CRITICAL Maximum execution time of 30 seconds exceeded

2018-04-23T07:58:06+00:00 CRITICAL Maximum execution time of 30 seconds exceeded

2018-04-23T08:00:57+00:00 CRITICAL Maximum execution time of 30 seconds exceeded

2018-04-23T08:01:30+00:00 CRITICAL Maximum execution time of 30 seconds exceeded

2018-04-23T08:05:01+00:00 CRITICAL Maximum execution time of 30 seconds exceeded

2018-04-23T08:05:34+00:00 CRITICAL Maximum execution time of 30 seconds exceeded

2018-04-23T08:06:08+00:00 CRITICAL Maximum execution time of 30 seconds exceeded

2018-04-23T08:08:28+00:00 CRITICAL Maximum execution time of 30 seconds exceeded

2018-04-23T08:40:46+00:00 CRITICAL Maximum execution time of 30 seconds exceeded

2018-04-23T08:42:24+00:00 CRITICAL Maximum execution time of 30 seconds exceeded

2018-04-23T08:43:39+00:00 CRITICAL Maximum execution time of 30 seconds exceeded

2018-04-25T12:12:33+00:00 CRITICAL Maximum execution time of 30 seconds exceeded

2018-04-28T08:50:40+00:00 CRITICAL Maximum execution time of 30 seconds exceeded

2018-04-28T08:50:41+00:00 CRITICAL Maximum execution time of 30 seconds exceeded

2018-04-28T18:30:50+00:00 CRITICAL Maximum execution time of 30 seconds exceeded

2018-04-28T18:30:50+00:00 CRITICAL Maximum execution time of 30 seconds exceeded

2018-04-30T07:08:36+00:00 CRITICAL Maximum execution time of 30 seconds exceeded

2018-04-30T08:02:24+00:00 CRITICAL Uncaught EasyRdf_Exception: HTTP request for SPARQL query failed: SPARQL-QUERY: queryStr=SELECT ?chef ?premio_recibido ?premio_recibidoLabel ?pa_s_de_nacionalidad ?pa_s_de_nacionalidadLabel ?imagen WHERE {
				SERVICE wikibase:label { bd:serviceParam wikibase:language "[AUTO_LANGUAGE],en". }
				
				?chef wdt:P106 wd:Q3499072.
				OPTIONAL { ?chef wdt:P166 ?premio_recibido. }
				OPTIONAL { ?chef wdt:P27 ?pa_s_de_nacionalidad. }
				OPTIONAL { ?chef wdt:P18 ?imagen. }
java.util.concurrent.ExecutionException: org.openrdf.query.MalformedQueryException: Encountered "<EOF>" at line 7, column 39.
Was expecting one of:
    "(" ...
    "{" ...
    "}" ...
    "[" ...
    "." ...
    <NIL> ...
    <ANON> ...
    "optional" ...
    "graph" ...
    "minus" ...
    "filter" ...
    "true" ...
    "false" ...
    "bind" ...
    "service" ...
    "values" ...
    "include" ...
    "let" ...
    "<<" ...
    <Q_IRI_REF> ...
    <PNAME_NS> ...
    <PNAME_LN> ...
    <BLANK_NODE_LABEL> ...
    <VAR1> ...
    <VAR2> ..

2018-04-30T08:16:06+00:00 CRITICAL Maximum execution time of 30 seconds exceeded

2018-04-30T08:21:18+00:00 CRITICAL Maximum execution time of 30 seconds exceeded

2018-05-03T07:07:25+00:00 CRITICAL Maximum execution time of 30 seconds exceeded

2018-05-03T17:36:17+00:00 CRITICAL Maximum execution time of 30 seconds exceeded

2018-05-05T08:53:03+00:00 CRITICAL Maximum execution time of 30 seconds exceeded

2018-05-05T13:57:22+00:00 CRITICAL Maximum execution time of 30 seconds exceeded

2018-05-07T15:24:30+00:00 CRITICAL Maximum execution time of 30 seconds exceeded

2018-05-07T15:24:42+00:00 CRITICAL Maximum execution time of 30 seconds exceeded

2018-05-07T15:24:46+00:00 CRITICAL Maximum execution time of 30 seconds exceeded

2018-05-09T14:30:04+00:00 CRITICAL Maximum execution time of 30 seconds exceeded

2018-05-09T15:44:20+00:00 CRITICAL Maximum execution time of 30 seconds exceeded

2018-05-10T07:24:46+00:00 CRITICAL Maximum execution time of 30 seconds exceeded

2018-05-10T09:10:15+00:00 CRITICAL Maximum execution time of 30 seconds exceeded

2018-05-10T09:10:15+00:00 CRITICAL Maximum execution time of 30 seconds exceeded

2018-05-10T14:03:50+00:00 CRITICAL Maximum execution time of 30 seconds exceeded

2018-05-10T14:04:49+00:00 CRITICAL Maximum execution time of 30 seconds exceeded

2018-05-10T14:04:50+00:00 CRITICAL Maximum execution time of 30 seconds exceeded

2018-05-11T09:18:30+00:00 CRITICAL Maximum execution time of 30 seconds exceeded

2018-05-11T09:18:31+00:00 CRITICAL Maximum execution time of 30 seconds exceeded

2018-05-11T10:05:27+00:00 CRITICAL Maximum execution time of 30 seconds exceeded

2018-05-11T10:06:48+00:00 CRITICAL Maximum execution time of 30 seconds exceeded

2018-05-11T17:09:18+00:00 CRITICAL Maximum execution time of 30 seconds exceeded

2018-05-11T17:09:18+00:00 CRITICAL Maximum execution time of 30 seconds exceeded

2018-05-11T17:09:28+00:00 CRITICAL Maximum execution time of 30 seconds exceeded

2018-05-11T17:09:29+00:00 CRITICAL Maximum execution time of 30 seconds exceeded

2018-05-11T17:09:30+00:00 CRITICAL Maximum execution time of 30 seconds exceeded

2018-05-11T17:09:30+00:00 CRITICAL Maximum execution time of 30 seconds exceeded

2018-05-11T18:16:20+00:00 CRITICAL Maximum execution time of 30 seconds exceeded

2019-04-04T19:20:23+00:00 CRITICAL Maximum execution time of 30 seconds exceeded

